<?xml version="1.0" encoding="UTF-8"?>
<!-- Generated by org.testng.reporters.JUnitXMLReporter -->
<testsuite hostname="DESKTOP-F7O9C93" ignored="4" name="Test" tests="14" failures="0" timestamp="11 Sep 2018 12:34:33 GMT" time="84.705" errors="0">
  <testcase name="VerifyRegisterDetails" time="6.454" classname="com.Test.RegisterTest"/>
  <testcase name="VerifyRegisterDetails" time="5.839" classname="com.Test.RegisterTest"/>
  <testcase name="verifyUserNameandPassWord" time="7.717" classname="com.Test.LoginTest"/>
  <testcase name="verifyUserNameandPassWord" time="46.889" classname="com.Test.LoginTest"/>
  <testcase name="verifyRegisterLink" time="1.316" classname="com.Test.HomepageTest"/>
  <testcase name="verifyloginLink" time="0.705" classname="com.Test.HomepageTest"/>
  <testcase name="verifySupportLink" time="0.984" classname="com.Test.HomepageTest"/>
  <testcase name="verifyContactLink" time="0.719" classname="com.Test.HomepageTest"/>
  <testcase name="verifyFlightsLink" time="1.799" classname="com.Test.HomepageTest"/>
  <testcase name="verifyHotelsLink" time="0.736" classname="com.Test.HomepageTest"/>
  <testcase name="verifycarrentalsLink" time="0.72" classname="com.Test.HomepageTest"/>
  <testcase name="verifyCruisesLink" time="1.212" classname="com.Test.HomepageTest"/>
  <testcase name="verifyDestinationsLink" time="0.744" classname="com.Test.HomepageTest"/>
  <testcase name="verifyVacationsLink" time="0.719" classname="com.Test.HomepageTest"/>
  <testcase name="@BeforeTest setup" time="0.0" classname="com.Base.BaseSetup">
    <ignored/>
  </testcase> <!-- @BeforeTest setup -->
  <testcase name="@BeforeTest setup" time="0.0" classname="com.Base.BaseSetup">
    <ignored/>
  </testcase> <!-- @BeforeTest setup -->
  <testcase name="@AfterTest teardown" time="0.0" classname="com.Base.BaseSetup">
    <ignored/>
  </testcase> <!-- @AfterTest teardown -->
  <testcase name="@AfterTest teardown" time="0.0" classname="com.Base.BaseSetup">
    <ignored/>
  </testcase> <!-- @AfterTest teardown -->
</testsuite> <!-- Test -->
